<?xml version="1.0" encoding="UTF-8"?>
<!-- Generated by org.testng.reporters.JUnitReportReporter -->
<testsuite hostname="LAPTOP-3FGMK8DC" failures="0" tests="1" name="DataDrivenTesting.JDBCWithTestScript" time="0.845" errors="0" timestamp="2024-05-17T14:21:49 IST" skipped="0">
  <testcase classname="DataDrivenTesting.JDBCWithTestScript" name="projectCheckTest" time="0.845"/>
</testsuite> <!-- DataDrivenTesting.JDBCWithTestScript -->
