<?xml version="1.0" encoding="UTF-8"?>
<!-- Generated by org.testng.reporters.JUnitReportReporter -->
<testsuite hostname="LAPTOP-3FGMK8DC" failures="0" tests="1" name="GenericContactTest.CreateContactWithOrgName" time="55.531" errors="0" timestamp="2024-05-31T14:42:39 IST" skipped="0">
  <testcase classname="GenericContactTest.CreateContactWithOrgName" name="contactWithOrg" time="55.531"/>
</testsuite> <!-- GenericContactTest.CreateContactWithOrgName -->
